Warning[205] C:\USERS\ACER\MPLABXPROJECTS\10_BIT_NUMBER_SUBSTRACTER.X\10BITNUMBRSUBSTRACT.ASM 2 : Found directive in column 1. (processor)
Warning[205] C:\USERS\ACER\MPLABXPROJECTS\10_BIT_NUMBER_SUBSTRACTER.X\10BITNUMBRSUBSTRACT.ASM 6 : Found directive in column 1. (org)
Warning[207] C:\USERS\ACER\MPLABXPROJECTS\10_BIT_NUMBER_SUBSTRACTER.X\10BITNUMBRSUBSTRACT.ASM 7 : Found label after column 1. (TIMER1)
Warning[207] C:\USERS\ACER\MPLABXPROJECTS\10_BIT_NUMBER_SUBSTRACTER.X\10BITNUMBRSUBSTRACT.ASM 8 : Found label after column 1. (TIMER2)
Warning[207] C:\USERS\ACER\MPLABXPROJECTS\10_BIT_NUMBER_SUBSTRACTER.X\10BITNUMBRSUBSTRACT.ASM 9 : Found label after column 1. (DISP)
Warning[207] C:\USERS\ACER\MPLABXPROJECTS\10_BIT_NUMBER_SUBSTRACTER.X\10BITNUMBRSUBSTRACT.ASM 11 : Found label after column 1. (K3)
Warning[207] C:\USERS\ACER\MPLABXPROJECTS\10_BIT_NUMBER_SUBSTRACTER.X\10BITNUMBRSUBSTRACT.ASM 12 : Found label after column 1. (K2)
Warning[207] C:\USERS\ACER\MPLABXPROJECTS\10_BIT_NUMBER_SUBSTRACTER.X\10BITNUMBRSUBSTRACT.ASM 13 : Found label after column 1. (K1)
Warning[207] C:\USERS\ACER\MPLABXPROJECTS\10_BIT_NUMBER_SUBSTRACTER.X\10BITNUMBRSUBSTRACT.ASM 14 : Found label after column 1. (K0)
Warning[207] C:\USERS\ACER\MPLABXPROJECTS\10_BIT_NUMBER_SUBSTRACTER.X\10BITNUMBRSUBSTRACT.ASM 16 : Found label after column 1. (HIGH_BIT_COPPY)
Warning[207] C:\USERS\ACER\MPLABXPROJECTS\10_BIT_NUMBER_SUBSTRACTER.X\10BITNUMBRSUBSTRACT.ASM 17 : Found label after column 1. (LOW_BIT_COPPY)
Warning[207] C:\USERS\ACER\MPLABXPROJECTS\10_BIT_NUMBER_SUBSTRACTER.X\10BITNUMBRSUBSTRACT.ASM 18 : Found label after column 1. (NEWS)
Warning[207] C:\USERS\ACER\MPLABXPROJECTS\10_BIT_NUMBER_SUBSTRACTER.X\10BITNUMBRSUBSTRACT.ASM 20 : Found label after column 1. (NORTH_H)
Warning[207] C:\USERS\ACER\MPLABXPROJECTS\10_BIT_NUMBER_SUBSTRACTER.X\10BITNUMBRSUBSTRACT.ASM 21 : Found label after column 1. (NORTH_L)
Warning[207] C:\USERS\ACER\MPLABXPROJECTS\10_BIT_NUMBER_SUBSTRACTER.X\10BITNUMBRSUBSTRACT.ASM 23 : Found label after column 1. (NORTH_H_ZERO)
Warning[207] C:\USERS\ACER\MPLABXPROJECTS\10_BIT_NUMBER_SUBSTRACTER.X\10BITNUMBRSUBSTRACT.ASM 24 : Found label after column 1. (NORTH_L_ZERO)
Warning[203] C:\USERS\ACER\MPLABXPROJECTS\10_BIT_NUMBER_SUBSTRACTER.X\10BITNUMBRSUBSTRACT.ASM 30 : Found opcode in column 1. (GOTO)
Warning[207] C:\USERS\ACER\MPLABXPROJECTS\10_BIT_NUMBER_SUBSTRACTER.X\10BITNUMBRSUBSTRACT.ASM 31 : Found label after column 1. (Main)
Warning[207] C:\USERS\ACER\MPLABXPROJECTS\10_BIT_NUMBER_SUBSTRACTER.X\10BITNUMBRSUBSTRACT.ASM 38 : Found label after column 1. (UP)
Warning[207] C:\USERS\ACER\MPLABXPROJECTS\10_BIT_NUMBER_SUBSTRACTER.X\10BITNUMBRSUBSTRACT.ASM 43 : Found label after column 1. (SUBSTRACT)
Warning[207] C:\USERS\ACER\MPLABXPROJECTS\10_BIT_NUMBER_SUBSTRACTER.X\10BITNUMBRSUBSTRACT.ASM 70 : Found label after column 1. (K_VALUES_TO_ZERO)
Warning[207] C:\USERS\ACER\MPLABXPROJECTS\10_BIT_NUMBER_SUBSTRACTER.X\10BITNUMBRSUBSTRACT.ASM 83 : Found label after column 1. (PROCESS_HIGH_VALUE)
Warning[207] C:\USERS\ACER\MPLABXPROJECTS\10_BIT_NUMBER_SUBSTRACTER.X\10BITNUMBRSUBSTRACT.ASM 107 : Found label after column 1. (BEFORE_END)
Warning[207] C:\USERS\ACER\MPLABXPROJECTS\10_BIT_NUMBER_SUBSTRACTER.X\10BITNUMBRSUBSTRACT.ASM 116 : Found label after column 1. (LIBRARY_ONE)
Warning[207] C:\USERS\ACER\MPLABXPROJECTS\10_BIT_NUMBER_SUBSTRACTER.X\10BITNUMBRSUBSTRACT.ASM 130 : Found label after column 1. (LIBRARY_TWO)
Warning[207] C:\USERS\ACER\MPLABXPROJECTS\10_BIT_NUMBER_SUBSTRACTER.X\10BITNUMBRSUBSTRACT.ASM 144 : Found label after column 1. (LIBRARY_THREE)
Warning[207] C:\USERS\ACER\MPLABXPROJECTS\10_BIT_NUMBER_SUBSTRACTER.X\10BITNUMBRSUBSTRACT.ASM 159 : Found label after column 1. (PROCESS_LOWER_VALUE)
Warning[207] C:\USERS\ACER\MPLABXPROJECTS\10_BIT_NUMBER_SUBSTRACTER.X\10BITNUMBRSUBSTRACT.ASM 164 : Found label after column 1. (FIND_K2)
Warning[207] C:\USERS\ACER\MPLABXPROJECTS\10_BIT_NUMBER_SUBSTRACTER.X\10BITNUMBRSUBSTRACT.ASM 171 : Found label after column 1. (FIND_K1)
Warning[207] C:\USERS\ACER\MPLABXPROJECTS\10_BIT_NUMBER_SUBSTRACTER.X\10BITNUMBRSUBSTRACT.ASM 178 : Found label after column 1. (FIND_K0)
Warning[207] C:\USERS\ACER\MPLABXPROJECTS\10_BIT_NUMBER_SUBSTRACTER.X\10BITNUMBRSUBSTRACT.ASM 185 : Found label after column 1. (END_3)
Warning[207] C:\USERS\ACER\MPLABXPROJECTS\10_BIT_NUMBER_SUBSTRACTER.X\10BITNUMBRSUBSTRACT.ASM 190 : Found label after column 1. (CHECK_POIT_2)
Warning[207] C:\USERS\ACER\MPLABXPROJECTS\10_BIT_NUMBER_SUBSTRACTER.X\10BITNUMBRSUBSTRACT.ASM 195 : Found label after column 1. (CHECK_POIT_1)
Warning[207] C:\USERS\ACER\MPLABXPROJECTS\10_BIT_NUMBER_SUBSTRACTER.X\10BITNUMBRSUBSTRACT.ASM 200 : Found label after column 1. (CHECK_POIT_0)
Warning[207] C:\USERS\ACER\MPLABXPROJECTS\10_BIT_NUMBER_SUBSTRACTER.X\10BITNUMBRSUBSTRACT.ASM 206 : Found label after column 1. (K0_PLUS_ONE)
Warning[207] C:\USERS\ACER\MPLABXPROJECTS\10_BIT_NUMBER_SUBSTRACTER.X\10BITNUMBRSUBSTRACT.ASM 215 : Found label after column 1. (K0_MIN_TEN)
Warning[207] C:\USERS\ACER\MPLABXPROJECTS\10_BIT_NUMBER_SUBSTRACTER.X\10BITNUMBRSUBSTRACT.ASM 221 : Found label after column 1. (K1_PLUS_ONE)
Warning[207] C:\USERS\ACER\MPLABXPROJECTS\10_BIT_NUMBER_SUBSTRACTER.X\10BITNUMBRSUBSTRACT.ASM 230 : Found label after column 1. (K1_MIN_TEN)
Warning[207] C:\USERS\ACER\MPLABXPROJECTS\10_BIT_NUMBER_SUBSTRACTER.X\10BITNUMBRSUBSTRACT.ASM 237 : Found label after column 1. (K2_PLUS_ONE)
Warning[207] C:\USERS\ACER\MPLABXPROJECTS\10_BIT_NUMBER_SUBSTRACTER.X\10BITNUMBRSUBSTRACT.ASM 246 : Found label after column 1. (K2_MIN_TEN)
Warning[207] C:\USERS\ACER\MPLABXPROJECTS\10_BIT_NUMBER_SUBSTRACTER.X\10BITNUMBRSUBSTRACT.ASM 252 : Found label after column 1. (K3_PLUS_ONE)
Warning[207] C:\USERS\ACER\MPLABXPROJECTS\10_BIT_NUMBER_SUBSTRACTER.X\10BITNUMBRSUBSTRACT.ASM 265 : Found label after column 1. (K3_MIN_TEN)
Warning[207] C:\USERS\ACER\MPLABXPROJECTS\10_BIT_NUMBER_SUBSTRACTER.X\10BITNUMBRSUBSTRACT.ASM 270 : Found label after column 1. (END_2)
Warning[207] C:\USERS\ACER\MPLABXPROJECTS\10_BIT_NUMBER_SUBSTRACTER.X\10BITNUMBRSUBSTRACT.ASM 278 : Found label after column 1. (INITIALIZE_LCD)
Warning[207] C:\USERS\ACER\MPLABXPROJECTS\10_BIT_NUMBER_SUBSTRACTER.X\10BITNUMBRSUBSTRACT.ASM 289 : Found label after column 1. (instructionMode)
Warning[207] C:\USERS\ACER\MPLABXPROJECTS\10_BIT_NUMBER_SUBSTRACTER.X\10BITNUMBRSUBSTRACT.ASM 295 : Found label after column 1. (dataSendMode)
Warning[207] C:\USERS\ACER\MPLABXPROJECTS\10_BIT_NUMBER_SUBSTRACTER.X\10BITNUMBRSUBSTRACT.ASM 306 : Found label after column 1. (setFunctions)
Warning[207] C:\USERS\ACER\MPLABXPROJECTS\10_BIT_NUMBER_SUBSTRACTER.X\10BITNUMBRSUBSTRACT.ASM 320 : Found label after column 1. (setDisplayOnOff)
Warning[207] C:\USERS\ACER\MPLABXPROJECTS\10_BIT_NUMBER_SUBSTRACTER.X\10BITNUMBRSUBSTRACT.ASM 333 : Found label after column 1. (displayClear)
Warning[207] C:\USERS\ACER\MPLABXPROJECTS\10_BIT_NUMBER_SUBSTRACTER.X\10BITNUMBRSUBSTRACT.ASM 347 : Found label after column 1. (setEntryModule)
Warning[207] C:\USERS\ACER\MPLABXPROJECTS\10_BIT_NUMBER_SUBSTRACTER.X\10BITNUMBRSUBSTRACT.ASM 363 : Found label after column 1. (set_CGRAM_address)
Warning[207] C:\USERS\ACER\MPLABXPROJECTS\10_BIT_NUMBER_SUBSTRACTER.X\10BITNUMBRSUBSTRACT.ASM 378 : Found label after column 1. (set_DDRAM_address_to_line1)
Warning[207] C:\USERS\ACER\MPLABXPROJECTS\10_BIT_NUMBER_SUBSTRACTER.X\10BITNUMBRSUBSTRACT.ASM 395 : Found label after column 1. (set_DDRAM_address_to_line2)
Warning[207] C:\USERS\ACER\MPLABXPROJECTS\10_BIT_NUMBER_SUBSTRACTER.X\10BITNUMBRSUBSTRACT.ASM 405 : Found label after column 1. (INITIALIZE_IC)
Message[302] C:\USERS\ACER\MPLABXPROJECTS\10_BIT_NUMBER_SUBSTRACTER.X\10BITNUMBRSUBSTRACT.ASM 408 : Register in operand not in bank 0.  Ensure that bank bits are correct.
Message[302] C:\USERS\ACER\MPLABXPROJECTS\10_BIT_NUMBER_SUBSTRACTER.X\10BITNUMBRSUBSTRACT.ASM 410 : Register in operand not in bank 0.  Ensure that bank bits are correct.
Warning[207] C:\USERS\ACER\MPLABXPROJECTS\10_BIT_NUMBER_SUBSTRACTER.X\10BITNUMBRSUBSTRACT.ASM 420 : Found label after column 1. (GO_BANK_0)
Warning[207] C:\USERS\ACER\MPLABXPROJECTS\10_BIT_NUMBER_SUBSTRACTER.X\10BITNUMBRSUBSTRACT.ASM 425 : Found label after column 1. (GO_BANK_1)
Warning[207] C:\USERS\ACER\MPLABXPROJECTS\10_BIT_NUMBER_SUBSTRACTER.X\10BITNUMBRSUBSTRACT.ASM 430 : Found label after column 1. (GO_BANK_2)
Warning[207] C:\USERS\ACER\MPLABXPROJECTS\10_BIT_NUMBER_SUBSTRACTER.X\10BITNUMBRSUBSTRACT.ASM 435 : Found label after column 1. (GO_BANK_3)
Warning[207] C:\USERS\ACER\MPLABXPROJECTS\10_BIT_NUMBER_SUBSTRACTER.X\10BITNUMBRSUBSTRACT.ASM 440 : Found label after column 1. (ENABLE_PULSE)
Warning[207] C:\USERS\ACER\MPLABXPROJECTS\10_BIT_NUMBER_SUBSTRACTER.X\10BITNUMBRSUBSTRACT.ASM 447 : Found label after column 1. (DELAY_50_MS)
Warning[207] C:\USERS\ACER\MPLABXPROJECTS\10_BIT_NUMBER_SUBSTRACTER.X\10BITNUMBRSUBSTRACT.ASM 458 : Found label after column 1. (writeOnDisp)
Warning[207] C:\USERS\ACER\MPLABXPROJECTS\10_BIT_NUMBER_SUBSTRACTER.X\10BITNUMBRSUBSTRACT.ASM 472 : Found label after column 1. (writeOnDisp1)
Warning[207] C:\USERS\ACER\MPLABXPROJECTS\10_BIT_NUMBER_SUBSTRACTER.X\10BITNUMBRSUBSTRACT.ASM 493 : Found label after column 1. (MAKE_LCD_NUMBER)
Warning[207] C:\USERS\ACER\MPLABXPROJECTS\10_BIT_NUMBER_SUBSTRACTER.X\10BITNUMBRSUBSTRACT.ASM 497 : Found label after column 1. (PRINT_CHAR)
Warning[207] C:\USERS\ACER\MPLABXPROJECTS\10_BIT_NUMBER_SUBSTRACTER.X\10BITNUMBRSUBSTRACT.ASM 502 : Found label after column 1. (WAIT)
Warning[205] C:\USERS\ACER\MPLABXPROJECTS\10_BIT_NUMBER_SUBSTRACTER.X\10BITNUMBRSUBSTRACT.ASM 508 : Found directive in column 1. (END)
